<?xml version="1.0" encoding="UTF-8"?>
<!-- Generated by org.testng.reporters.JUnitReportReporter -->
<testsuite hostname="DESKTOP-TA665QN" name="Test.TestNG" tests="1" failures="0" timestamp="17 Jun 2016 04:43:57 GMT" time="19.438" errors="0">
  <testcase name="tabTwo" time="19.438" classname="Test.TestNG"/>
</testsuite> <!-- Test.TestNG -->
